<?xml version="1.0" encoding="UTF-8"?>
<testsuite name="ru.igorek.addressbook.NewwTest" tests="1" skipped="0" failures="0" errors="0" timestamp="2020-04-15T10:25:42" hostname="ssd" time="6.22">
  <properties/>
  <testcase name="neww" classname="ru.igorek.addressbook.NewwTest" time="6.22"/>
  <system-out><![CDATA[]]></system-out>
  <system-err><![CDATA[1586946342803	mozrunner::runner	INFO	Running command: "C:\\Program Files (x86)\\Mozilla Firefox\\firefox.exe" "-marionette" "-foreground" "-no-remote" "-profile" "C:\\Users\\ssd\\AppData\\Local\\Temp\\rust_mozprofileBOsVka"
1586946343011	addons.webextension.doh-rollout@mozilla.org	WARN	Loading extension 'doh-rollout@mozilla.org': Reading manifest: Invalid extension permission: networkStatus
1586946343359	addons.webextension.screenshots@mozilla.org	WARN	Loading extension 'screenshots@mozilla.org': Reading manifest: Invalid extension permission: mozillaAddons
1586946343360	addons.webextension.screenshots@mozilla.org	WARN	Loading extension 'screenshots@mozilla.org': Reading manifest: Invalid extension permission: telemetry
1586946343360	addons.webextension.screenshots@mozilla.org	WARN	Loading extension 'screenshots@mozilla.org': Reading manifest: Invalid extension permission: resource://pdf.js/
1586946343360	addons.webextension.screenshots@mozilla.org	WARN	Loading extension 'screenshots@mozilla.org': Reading manifest: Invalid extension permission: about:reader*
JavaScript error: resource://gre/modules/XULStore.jsm, line 66: Error: Can't find profile directory.
1586946345007	Marionette	INFO	Listening on port 53061
1586946345413	Marionette	WARN	TLS certificate errors will be ignored for this session
апр. 15, 2020 1:25:45 PM org.openqa.selenium.remote.ProtocolHandshake createSession
INFO: Detected dialect: W3C
1586946347422	Marionette	INFO	Stopped listening on port 53061

###!!! [Child][RunMessage] Error: Channel closing: too late to send/recv, messages will be lost


###!!! [Child][MessageChannel::SendAndWait] Error: Channel error: cannot send/recv

]]></system-err>
</testsuite>
